[0918/141529.865:ERROR:crash_report_database_win.cc(469)] failed to stat report
[0918/141529.866:ERROR:crash_report_database_win.cc(469)] failed to stat report
[0918/141529.866:ERROR:crash_report_database_win.cc(469)] failed to stat report
[0918/141529.866:ERROR:crash_report_database_win.cc(469)] failed to stat report
[0918/141529.866:ERROR:crash_report_database_win.cc(469)] failed to stat report
[0918/141529.866:ERROR:crash_report_database_win.cc(469)] failed to stat report
[0918/141529.866:ERROR:crash_report_database_win.cc(469)] failed to stat report
[0918/141529.867:ERROR:crash_report_database_win.cc(469)] failed to stat report
[0918/141529.867:ERROR:crash_report_database_win.cc(469)] failed to stat report
[0918/141529.867:ERROR:crash_report_database_win.cc(469)] failed to stat report
[0918/141529.867:ERROR:crash_report_database_win.cc(469)] failed to stat report
[0924/104404.103:ERROR:crash_report_database_win.cc(469)] failed to stat report
[0924/104404.104:ERROR:crash_report_database_win.cc(469)] failed to stat report
[0924/104404.104:ERROR:crash_report_database_win.cc(469)] failed to stat report
[0924/104404.104:ERROR:crash_report_database_win.cc(469)] failed to stat report
[0924/104404.104:ERROR:crash_report_database_win.cc(469)] failed to stat report
[0924/104404.104:ERROR:crash_report_database_win.cc(469)] failed to stat report
[0924/104404.104:ERROR:crash_report_database_win.cc(469)] failed to stat report
[0924/104404.104:ERROR:crash_report_database_win.cc(469)] failed to stat report
[0924/104404.104:ERROR:crash_report_database_win.cc(469)] failed to stat report
[0924/104404.104:ERROR:crash_report_database_win.cc(469)] failed to stat report
[0924/104404.104:ERROR:crash_report_database_win.cc(469)] failed to stat report
<<<<<<< HEAD
=======
<<<<<<< HEAD
>>>>>>> c2f35f6a920f02e0ab972dae5145be2bf4ac81fa
[0926/091345.009:ERROR:crash_report_database_win.cc(469)] failed to stat report
[0926/091345.009:ERROR:crash_report_database_win.cc(469)] failed to stat report
[0926/091345.009:ERROR:crash_report_database_win.cc(469)] failed to stat report
[0926/091345.009:ERROR:crash_report_database_win.cc(469)] failed to stat report
[0926/091345.009:ERROR:crash_report_database_win.cc(469)] failed to stat report
[0926/091345.009:ERROR:crash_report_database_win.cc(469)] failed to stat report
[0926/091345.010:ERROR:crash_report_database_win.cc(469)] failed to stat report
[0926/091345.010:ERROR:crash_report_database_win.cc(469)] failed to stat report
[0926/091345.010:ERROR:crash_report_database_win.cc(469)] failed to stat report
[0926/091345.010:ERROR:crash_report_database_win.cc(469)] failed to stat report
[0926/091345.010:ERROR:crash_report_database_win.cc(469)] failed to stat report
<<<<<<< HEAD
=======
=======
[1001/092118.136:ERROR:crash_report_database_win.cc(469)] failed to stat report
[1001/092118.137:ERROR:crash_report_database_win.cc(469)] failed to stat report
[1001/092118.137:ERROR:crash_report_database_win.cc(469)] failed to stat report
[1001/092118.137:ERROR:crash_report_database_win.cc(469)] failed to stat report
[1001/092118.137:ERROR:crash_report_database_win.cc(469)] failed to stat report
[1001/092118.137:ERROR:crash_report_database_win.cc(469)] failed to stat report
[1001/092118.137:ERROR:crash_report_database_win.cc(469)] failed to stat report
[1001/092118.137:ERROR:crash_report_database_win.cc(469)] failed to stat report
[1001/092118.137:ERROR:crash_report_database_win.cc(469)] failed to stat report
[1001/092118.137:ERROR:crash_report_database_win.cc(469)] failed to stat report
[1001/092118.138:ERROR:crash_report_database_win.cc(469)] failed to stat report
>>>>>>> products
>>>>>>> c2f35f6a920f02e0ab972dae5145be2bf4ac81fa
[1001/112620.142:ERROR:crash_report_database_win.cc(469)] failed to stat report
[1001/112620.143:ERROR:crash_report_database_win.cc(469)] failed to stat report
[1001/112620.143:ERROR:crash_report_database_win.cc(469)] failed to stat report
[1001/112620.143:ERROR:crash_report_database_win.cc(469)] failed to stat report
[1001/112620.143:ERROR:crash_report_database_win.cc(469)] failed to stat report
[1001/112620.143:ERROR:crash_report_database_win.cc(469)] failed to stat report
[1001/112620.143:ERROR:crash_report_database_win.cc(469)] failed to stat report
[1001/112620.143:ERROR:crash_report_database_win.cc(469)] failed to stat report
[1001/112620.143:ERROR:crash_report_database_win.cc(469)] failed to stat report
[1001/112620.143:ERROR:crash_report_database_win.cc(469)] failed to stat report
[1001/112620.143:ERROR:crash_report_database_win.cc(469)] failed to stat report
<<<<<<< HEAD
<<<<<<< HEAD
<<<<<<< HEAD
=======
>>>>>>> c2f35f6a920f02e0ab972dae5145be2bf4ac81fa
[1001/131219.324:ERROR:crash_report_database_win.cc(469)] failed to stat report
[1001/131219.324:ERROR:crash_report_database_win.cc(469)] failed to stat report
[1001/131219.324:ERROR:crash_report_database_win.cc(469)] failed to stat report
[1001/131219.324:ERROR:crash_report_database_win.cc(469)] failed to stat report
[1001/131219.324:ERROR:crash_report_database_win.cc(469)] failed to stat report
[1001/131219.325:ERROR:crash_report_database_win.cc(469)] failed to stat report
[1001/131219.325:ERROR:crash_report_database_win.cc(469)] failed to stat report
[1001/131219.325:ERROR:crash_report_database_win.cc(469)] failed to stat report
[1001/131219.325:ERROR:crash_report_database_win.cc(469)] failed to stat report
[1001/131219.325:ERROR:crash_report_database_win.cc(469)] failed to stat report
[1001/131219.325:ERROR:crash_report_database_win.cc(469)] failed to stat report
[1003/025028.246:ERROR:crash_report_database_win.cc(469)] failed to stat report
[1003/025028.248:ERROR:crash_report_database_win.cc(469)] failed to stat report
[1003/025028.249:ERROR:crash_report_database_win.cc(469)] failed to stat report
[1003/025028.249:ERROR:crash_report_database_win.cc(469)] failed to stat report
[1003/025028.249:ERROR:crash_report_database_win.cc(469)] failed to stat report
[1003/025028.249:ERROR:crash_report_database_win.cc(469)] failed to stat report
[1003/025028.249:ERROR:crash_report_database_win.cc(469)] failed to stat report
[1003/025028.249:ERROR:crash_report_database_win.cc(469)] failed to stat report
[1003/025028.249:ERROR:crash_report_database_win.cc(469)] failed to stat report
[1003/025028.250:ERROR:crash_report_database_win.cc(469)] failed to stat report
[1003/025028.250:ERROR:crash_report_database_win.cc(469)] failed to stat report
=======
>>>>>>> 5603148373498fcb2b9e4cff2d2f4e247c091bd9
[1003/025823.803:ERROR:crash_report_database_win.cc(469)] failed to stat report
[1003/025823.803:ERROR:crash_report_database_win.cc(469)] failed to stat report
[1003/025823.803:ERROR:crash_report_database_win.cc(469)] failed to stat report
[1003/025823.803:ERROR:crash_report_database_win.cc(469)] failed to stat report
[1003/025823.804:ERROR:crash_report_database_win.cc(469)] failed to stat report
[1003/025823.804:ERROR:crash_report_database_win.cc(469)] failed to stat report
[1003/025823.804:ERROR:crash_report_database_win.cc(469)] failed to stat report
[1003/025823.804:ERROR:crash_report_database_win.cc(469)] failed to stat report
[1003/025823.804:ERROR:crash_report_database_win.cc(469)] failed to stat report
[1003/025823.804:ERROR:crash_report_database_win.cc(469)] failed to stat report
[1003/025823.804:ERROR:crash_report_database_win.cc(469)] failed to stat report
[1003/030159.676:ERROR:crash_report_database_win.cc(469)] failed to stat report
[1003/030159.676:ERROR:crash_report_database_win.cc(469)] failed to stat report
[1003/030159.676:ERROR:crash_report_database_win.cc(469)] failed to stat report
[1003/030159.676:ERROR:crash_report_database_win.cc(469)] failed to stat report
[1003/030159.676:ERROR:crash_report_database_win.cc(469)] failed to stat report
[1003/030159.676:ERROR:crash_report_database_win.cc(469)] failed to stat report
[1003/030159.677:ERROR:crash_report_database_win.cc(469)] failed to stat report
[1003/030159.677:ERROR:crash_report_database_win.cc(469)] failed to stat report
[1003/030159.677:ERROR:crash_report_database_win.cc(469)] failed to stat report
[1003/030159.677:ERROR:crash_report_database_win.cc(469)] failed to stat report
[1003/030159.677:ERROR:crash_report_database_win.cc(469)] failed to stat report
[1003/034900.932:ERROR:crash_report_database_win.cc(469)] failed to stat report
[1003/034900.933:ERROR:crash_report_database_win.cc(469)] failed to stat report
[1003/034900.933:ERROR:crash_report_database_win.cc(469)] failed to stat report
[1003/034900.933:ERROR:crash_report_database_win.cc(469)] failed to stat report
[1003/034900.933:ERROR:crash_report_database_win.cc(469)] failed to stat report
[1003/034900.933:ERROR:crash_report_database_win.cc(469)] failed to stat report
[1003/034900.934:ERROR:crash_report_database_win.cc(469)] failed to stat report
[1003/034900.934:ERROR:crash_report_database_win.cc(469)] failed to stat report
[1003/034900.934:ERROR:crash_report_database_win.cc(469)] failed to stat report
[1003/034900.934:ERROR:crash_report_database_win.cc(469)] failed to stat report
[1003/034900.934:ERROR:crash_report_database_win.cc(469)] failed to stat report
[1003/035803.505:ERROR:crash_report_database_win.cc(469)] failed to stat report
[1003/035803.505:ERROR:crash_report_database_win.cc(469)] failed to stat report
[1003/035803.505:ERROR:crash_report_database_win.cc(469)] failed to stat report
[1003/035803.505:ERROR:crash_report_database_win.cc(469)] failed to stat report
[1003/035803.505:ERROR:crash_report_database_win.cc(469)] failed to stat report
[1003/035803.505:ERROR:crash_report_database_win.cc(469)] failed to stat report
[1003/035803.505:ERROR:crash_report_database_win.cc(469)] failed to stat report
[1003/035803.506:ERROR:crash_report_database_win.cc(469)] failed to stat report
[1003/035803.506:ERROR:crash_report_database_win.cc(469)] failed to stat report
[1003/035803.506:ERROR:crash_report_database_win.cc(469)] failed to stat report
[1003/035803.506:ERROR:crash_report_database_win.cc(469)] failed to stat report
[1003/041105.625:ERROR:crash_report_database_win.cc(469)] failed to stat report
[1003/041105.626:ERROR:crash_report_database_win.cc(469)] failed to stat report
[1003/041105.626:ERROR:crash_report_database_win.cc(469)] failed to stat report
[1003/041105.626:ERROR:crash_report_database_win.cc(469)] failed to stat report
[1003/041105.626:ERROR:crash_report_database_win.cc(469)] failed to stat report
[1003/041105.626:ERROR:crash_report_database_win.cc(469)] failed to stat report
[1003/041105.626:ERROR:crash_report_database_win.cc(469)] failed to stat report
[1003/041105.627:ERROR:crash_report_database_win.cc(469)] failed to stat report
[1003/041105.627:ERROR:crash_report_database_win.cc(469)] failed to stat report
[1003/041105.627:ERROR:crash_report_database_win.cc(469)] failed to stat report
[1003/041105.627:ERROR:crash_report_database_win.cc(469)] failed to stat report
<<<<<<< HEAD
[1003/090914.379:ERROR:crash_report_database_win.cc(469)] failed to stat report
[1003/090914.380:ERROR:crash_report_database_win.cc(469)] failed to stat report
[1003/090914.380:ERROR:crash_report_database_win.cc(469)] failed to stat report
[1003/090914.380:ERROR:crash_report_database_win.cc(469)] failed to stat report
[1003/090914.380:ERROR:crash_report_database_win.cc(469)] failed to stat report
[1003/090914.380:ERROR:crash_report_database_win.cc(469)] failed to stat report
[1003/090914.380:ERROR:crash_report_database_win.cc(469)] failed to stat report
[1003/090914.380:ERROR:crash_report_database_win.cc(469)] failed to stat report
[1003/090914.380:ERROR:crash_report_database_win.cc(469)] failed to stat report
[1003/090914.380:ERROR:crash_report_database_win.cc(469)] failed to stat report
[1003/090914.380:ERROR:crash_report_database_win.cc(469)] failed to stat report
[1003/105905.851:ERROR:crash_report_database_win.cc(469)] failed to stat report
[1003/105905.852:ERROR:crash_report_database_win.cc(469)] failed to stat report
[1003/105905.852:ERROR:crash_report_database_win.cc(469)] failed to stat report
[1003/105905.852:ERROR:crash_report_database_win.cc(469)] failed to stat report
[1003/105905.852:ERROR:crash_report_database_win.cc(469)] failed to stat report
[1003/105905.852:ERROR:crash_report_database_win.cc(469)] failed to stat report
[1003/105905.852:ERROR:crash_report_database_win.cc(469)] failed to stat report
[1003/105905.852:ERROR:crash_report_database_win.cc(469)] failed to stat report
[1003/105905.852:ERROR:crash_report_database_win.cc(469)] failed to stat report
[1003/105905.852:ERROR:crash_report_database_win.cc(469)] failed to stat report
[1003/105905.852:ERROR:crash_report_database_win.cc(469)] failed to stat report
[1007/202224.593:ERROR:crash_report_database_win.cc(469)] failed to stat report
[1007/202224.595:ERROR:crash_report_database_win.cc(469)] failed to stat report
[1007/202224.595:ERROR:crash_report_database_win.cc(469)] failed to stat report
[1007/202224.595:ERROR:crash_report_database_win.cc(469)] failed to stat report
[1007/202224.595:ERROR:crash_report_database_win.cc(469)] failed to stat report
[1007/202224.595:ERROR:crash_report_database_win.cc(469)] failed to stat report
[1007/202224.595:ERROR:crash_report_database_win.cc(469)] failed to stat report
[1007/202224.596:ERROR:crash_report_database_win.cc(469)] failed to stat report
[1007/202224.596:ERROR:crash_report_database_win.cc(469)] failed to stat report
[1007/202224.596:ERROR:crash_report_database_win.cc(469)] failed to stat report
[1007/202224.596:ERROR:crash_report_database_win.cc(469)] failed to stat report
=======
>>>>>>> 19c65e7d3ad2509557ab8f67dce66327427e741e
[1007/202836.099:ERROR:crash_report_database_win.cc(469)] failed to stat report
[1007/202836.100:ERROR:crash_report_database_win.cc(469)] failed to stat report
[1007/202836.100:ERROR:crash_report_database_win.cc(469)] failed to stat report
[1007/202836.100:ERROR:crash_report_database_win.cc(469)] failed to stat report
[1007/202836.100:ERROR:crash_report_database_win.cc(469)] failed to stat report
[1007/202836.100:ERROR:crash_report_database_win.cc(469)] failed to stat report
[1007/202836.100:ERROR:crash_report_database_win.cc(469)] failed to stat report
[1007/202836.100:ERROR:crash_report_database_win.cc(469)] failed to stat report
[1007/202836.100:ERROR:crash_report_database_win.cc(469)] failed to stat report
[1007/202836.100:ERROR:crash_report_database_win.cc(469)] failed to stat report
[1007/202836.100:ERROR:crash_report_database_win.cc(469)] failed to stat report
[1007/203233.185:ERROR:crash_report_database_win.cc(469)] failed to stat report
[1007/203233.185:ERROR:crash_report_database_win.cc(469)] failed to stat report
[1007/203233.185:ERROR:crash_report_database_win.cc(469)] failed to stat report
[1007/203233.186:ERROR:crash_report_database_win.cc(469)] failed to stat report
[1007/203233.186:ERROR:crash_report_database_win.cc(469)] failed to stat report
[1007/203233.186:ERROR:crash_report_database_win.cc(469)] failed to stat report
[1007/203233.186:ERROR:crash_report_database_win.cc(469)] failed to stat report
[1007/203233.186:ERROR:crash_report_database_win.cc(469)] failed to stat report
[1007/203233.186:ERROR:crash_report_database_win.cc(469)] failed to stat report
[1007/203233.186:ERROR:crash_report_database_win.cc(469)] failed to stat report
[1007/203233.186:ERROR:crash_report_database_win.cc(469)] failed to stat report
[1007/212334.352:ERROR:crash_report_database_win.cc(469)] failed to stat report
[1007/212334.352:ERROR:crash_report_database_win.cc(469)] failed to stat report
[1007/212334.352:ERROR:crash_report_database_win.cc(469)] failed to stat report
[1007/212334.352:ERROR:crash_report_database_win.cc(469)] failed to stat report
[1007/212334.353:ERROR:crash_report_database_win.cc(469)] failed to stat report
[1007/212334.353:ERROR:crash_report_database_win.cc(469)] failed to stat report
[1007/212334.353:ERROR:crash_report_database_win.cc(469)] failed to stat report
[1007/212334.353:ERROR:crash_report_database_win.cc(469)] failed to stat report
[1007/212334.353:ERROR:crash_report_database_win.cc(469)] failed to stat report
[1007/212334.353:ERROR:crash_report_database_win.cc(469)] failed to stat report
[1007/212334.353:ERROR:crash_report_database_win.cc(469)] failed to stat report
=======
>>>>>>> c2f35f6a920f02e0ab972dae5145be2bf4ac81fa
[1008/090731.893:ERROR:crash_report_database_win.cc(469)] failed to stat report
[1008/090731.894:ERROR:crash_report_database_win.cc(469)] failed to stat report
[1008/090731.894:ERROR:crash_report_database_win.cc(469)] failed to stat report
[1008/090731.894:ERROR:crash_report_database_win.cc(469)] failed to stat report
[1008/090731.894:ERROR:crash_report_database_win.cc(469)] failed to stat report
[1008/090731.894:ERROR:crash_report_database_win.cc(469)] failed to stat report
[1008/090731.894:ERROR:crash_report_database_win.cc(469)] failed to stat report
[1008/090731.894:ERROR:crash_report_database_win.cc(469)] failed to stat report
[1008/090731.895:ERROR:crash_report_database_win.cc(469)] failed to stat report
[1008/090731.895:ERROR:crash_report_database_win.cc(469)] failed to stat report
[1008/090731.895:ERROR:crash_report_database_win.cc(469)] failed to stat report
[1008/091731.895:ERROR:crash_report_database_win.cc(469)] failed to stat report
[1008/091731.895:ERROR:crash_report_database_win.cc(469)] failed to stat report
[1008/091731.896:ERROR:crash_report_database_win.cc(469)] failed to stat report
[1008/091731.896:ERROR:crash_report_database_win.cc(469)] failed to stat report
[1008/091731.896:ERROR:crash_report_database_win.cc(469)] failed to stat report
[1008/091731.896:ERROR:crash_report_database_win.cc(469)] failed to stat report
[1008/091731.896:ERROR:crash_report_database_win.cc(469)] failed to stat report
[1008/091731.897:ERROR:crash_report_database_win.cc(469)] failed to stat report
[1008/091731.897:ERROR:crash_report_database_win.cc(469)] failed to stat report
[1008/091731.897:ERROR:crash_report_database_win.cc(469)] failed to stat report
[1008/091731.897:ERROR:crash_report_database_win.cc(469)] failed to stat report
[1008/091731.899:ERROR:crash_report_database_win.cc(469)] failed to stat report
[1008/091731.899:ERROR:crash_report_database_win.cc(469)] failed to stat report
[1008/091731.900:ERROR:crash_report_database_win.cc(469)] failed to stat report
[1008/091731.900:ERROR:crash_report_database_win.cc(469)] failed to stat report
[1008/091731.900:ERROR:crash_report_database_win.cc(469)] failed to stat report
[1008/091731.900:ERROR:crash_report_database_win.cc(469)] failed to stat report
[1008/091731.900:ERROR:crash_report_database_win.cc(469)] failed to stat report
[1008/091731.901:ERROR:crash_report_database_win.cc(469)] failed to stat report
[1008/091731.901:ERROR:crash_report_database_win.cc(469)] failed to stat report
[1008/091731.901:ERROR:crash_report_database_win.cc(469)] failed to stat report
[1008/091731.901:ERROR:crash_report_database_win.cc(469)] failed to stat report
[1008/092231.897:ERROR:crash_report_database_win.cc(469)] failed to stat report
[1008/092231.898:ERROR:crash_report_database_win.cc(469)] failed to stat report
[1008/092231.898:ERROR:crash_report_database_win.cc(469)] failed to stat report
[1008/092231.898:ERROR:crash_report_database_win.cc(469)] failed to stat report
[1008/092231.899:ERROR:crash_report_database_win.cc(469)] failed to stat report
[1008/092231.899:ERROR:crash_report_database_win.cc(469)] failed to stat report
[1008/092231.899:ERROR:crash_report_database_win.cc(469)] failed to stat report
[1008/092231.899:ERROR:crash_report_database_win.cc(469)] failed to stat report
[1008/092231.900:ERROR:crash_report_database_win.cc(469)] failed to stat report
[1008/092231.900:ERROR:crash_report_database_win.cc(469)] failed to stat report
[1008/092231.900:ERROR:crash_report_database_win.cc(469)] failed to stat report
